<?xml version="1.0" encoding="UTF-8"?>
<testsuite xmlns:xsi="http://www.w3.org/2001/XMLSchema-instance" xsi:noNamespaceSchemaLocation="https://maven.apache.org/surefire/maven-surefire-plugin/xsd/surefire-test-report-3.0.xsd" version="3.0" name="com.sistemabancario.model.ContaTest" time="0.037" tests="7" errors="0" skipped="0" failures="0">
  <properties>
[...]
</properties>
  <testcase name="testAddMovimentacao" classname="com.sistemabancario.model.ContaTest" time="0.015"/>
  <testcase name="testSetLimiteContaEspecial" classname="com.sistemabancario.model.ContaTest" time="0.003"/>
  <testcase name="testHistoricoNotNull" classname="com.sistemabancario.model.ContaTest" time="0.001"/>
  <testcase name="testSetLimiteContaNaoEspecial" classname="com.sistemabancario.model.ContaTest" time="0"/>
  <testcase name="testSetNumeroValido" classname="com.sistemabancario.model.ContaTest" time="0"/>
  <testcase name="testInstanciaPadraoPoupanca" classname="com.sistemabancario.model.ContaTest" time="0"/>
  <testcase name="testSetNumeroInvalidoNaoArmazena" classname="com.sistemabancario.model.ContaTest" time="0.001"/>
</testsuite>